[DEBUG] [2017-08-18 14:11:16][org.mybatis.generator.internal.db.DatabaseIntrospector]Retrieving column information for table "emp"
[DEBUG] [2017-08-18 14:11:16][org.mybatis.generator.internal.db.DatabaseIntrospector]Found column "emp_id", data type 4, in table "test..emp"
[DEBUG] [2017-08-18 14:11:16][org.mybatis.generator.internal.db.DatabaseIntrospector]Found column "emp_name", data type 12, in table "test..emp"
[DEBUG] [2017-08-18 14:11:16][org.mybatis.generator.internal.db.DatabaseIntrospector]Found column "gender", data type 12, in table "test..emp"
[DEBUG] [2017-08-18 14:11:16][org.mybatis.generator.internal.db.DatabaseIntrospector]Found column "email", data type 12, in table "test..emp"
[DEBUG] [2017-08-18 14:11:16][org.mybatis.generator.internal.db.DatabaseIntrospector]Found column "dept_id", data type 4, in table "test..emp"
[DEBUG] [2017-08-18 14:11:16][org.mybatis.generator.internal.db.DatabaseIntrospector]Retrieving column information for table "dep"
[DEBUG] [2017-08-18 14:13:36][org.mybatis.generator.internal.db.DatabaseIntrospector]Retrieving column information for table "emp"
[DEBUG] [2017-08-18 14:13:36][org.mybatis.generator.internal.db.DatabaseIntrospector]Found column "emp_id", data type 4, in table "test..emp"
[DEBUG] [2017-08-18 14:13:36][org.mybatis.generator.internal.db.DatabaseIntrospector]Found column "emp_name", data type 12, in table "test..emp"
[DEBUG] [2017-08-18 14:13:36][org.mybatis.generator.internal.db.DatabaseIntrospector]Found column "gender", data type 12, in table "test..emp"
[DEBUG] [2017-08-18 14:13:36][org.mybatis.generator.internal.db.DatabaseIntrospector]Found column "email", data type 12, in table "test..emp"
[DEBUG] [2017-08-18 14:13:36][org.mybatis.generator.internal.db.DatabaseIntrospector]Found column "dept_id", data type 4, in table "test..emp"
[DEBUG] [2017-08-18 14:13:36][org.mybatis.generator.internal.db.DatabaseIntrospector]Retrieving column information for table "dep"
[DEBUG] [2017-08-18 14:14:39][org.mybatis.generator.internal.db.DatabaseIntrospector]Retrieving column information for table "emp"
[DEBUG] [2017-08-18 14:14:39][org.mybatis.generator.internal.db.DatabaseIntrospector]Found column "emp_id", data type 4, in table "test..emp"
[DEBUG] [2017-08-18 14:14:39][org.mybatis.generator.internal.db.DatabaseIntrospector]Found column "emp_name", data type 12, in table "test..emp"
[DEBUG] [2017-08-18 14:14:39][org.mybatis.generator.internal.db.DatabaseIntrospector]Found column "gender", data type 12, in table "test..emp"
[DEBUG] [2017-08-18 14:14:39][org.mybatis.generator.internal.db.DatabaseIntrospector]Found column "email", data type 12, in table "test..emp"
[DEBUG] [2017-08-18 14:14:39][org.mybatis.generator.internal.db.DatabaseIntrospector]Found column "dept_id", data type 4, in table "test..emp"
[DEBUG] [2017-08-18 14:14:39][org.mybatis.generator.internal.db.DatabaseIntrospector]Retrieving column information for table "dep"
[DEBUG] [2017-08-18 14:46:55][org.mybatis.generator.internal.db.DatabaseIntrospector]Retrieving column information for table "emp"
[DEBUG] [2017-08-18 14:46:55][org.mybatis.generator.internal.db.DatabaseIntrospector]Found column "emp_id", data type 4, in table "test..emp"
[DEBUG] [2017-08-18 14:46:55][org.mybatis.generator.internal.db.DatabaseIntrospector]Found column "emp_name", data type 12, in table "test..emp"
[DEBUG] [2017-08-18 14:46:55][org.mybatis.generator.internal.db.DatabaseIntrospector]Found column "gender", data type 12, in table "test..emp"
[DEBUG] [2017-08-18 14:46:55][org.mybatis.generator.internal.db.DatabaseIntrospector]Found column "email", data type 12, in table "test..emp"
[DEBUG] [2017-08-18 14:46:55][org.mybatis.generator.internal.db.DatabaseIntrospector]Found column "dept_id", data type 4, in table "test..emp"
[DEBUG] [2017-08-18 14:46:55][org.mybatis.generator.internal.db.DatabaseIntrospector]Retrieving column information for table "dept"
[DEBUG] [2017-08-18 14:46:55][org.mybatis.generator.internal.db.DatabaseIntrospector]Found column "dept_id", data type 4, in table "test..dept"
[DEBUG] [2017-08-18 14:46:55][org.mybatis.generator.internal.db.DatabaseIntrospector]Found column "dept_name", data type 12, in table "test..dept"
